<?xml version="1.0" encoding="UTF-8"?>
<!-- Generated by org.testng.reporters.JUnitReportReporter -->
<testsuite hostname="Asra" failures="0" tests="1" name="org.wipro.auto.uo.testcases.LoginScenario_AZ" time="5.395" errors="0" timestamp="2025-04-20T18:45:47 EDT" skipped="0">
  <testcase classname="org.wipro.auto.uo.testcases.LoginScenario_AZ" name="tc01_validate_valid_login_func" time="5.395"/>
  <system-out/>
</testsuite> <!-- org.wipro.auto.uo.testcases.LoginScenario_AZ -->
