<?xml version="1.0" encoding="UTF-8"?>
<!-- Generated by org.testng.reporters.JUnitReportReporter -->
<testsuite hostname="DESKTOP-DJ4FDME" failures="0" tests="1" name="org.wipro.auto.uo.testcases.LoginScenario_SM" time="5.259" errors="0" timestamp="2025-04-17T09:26:02 IST" skipped="0">
  <testcase classname="org.wipro.auto.uo.testcases.LoginScenario_SM" name="tc01_validate_valid_login_func" time="5.259"/>
</testsuite> <!-- org.wipro.auto.uo.testcases.LoginScenario_SM -->
